<?xml version="1.0" encoding="UTF-8"?>
<!-- Generated by org.testng.reporters.JUnitReportReporter -->
<testsuite hostname="Mypc" name="testNG.Primusbanklogin" tests="1" failures="0" timestamp="22 Jan 2018 02:27:16 GMT" time="6.697" errors="0">
  <testcase name="Login_App" time="6.697" classname="testNG.Primusbanklogin"/>
</testsuite> <!-- testNG.Primusbanklogin -->
