<?xml version="1.0" encoding="UTF-8"?>
<!-- Generated by org.testng.reporters.JUnitReportReporter -->
<testsuite hostname="Mypc" name="testNG.UserregTest" tests="1" failures="0" timestamp="23 Jan 2018 02:19:50 GMT" time="19.693" errors="0">
  <testcase name="org_Userreg" time="19.693" classname="testNG.UserregTest"/>
</testsuite> <!-- testNG.UserregTest -->
