<?xml version="1.0" encoding="UTF-8"?>
<!-- Generated by org.testng.reporters.JUnitReportReporter -->
<testsuite hostname="Mypc" name="testNG.BasicAnnotationsEg" tests="3" failures="0" timestamp="22 Jan 2018 02:16:22 GMT" time="0.064" errors="0">
  <testcase name="a" time="0.010" classname="testNG.BasicAnnotationsEg"/>
  <testcase name="function1" time="0.036" classname="testNG.BasicAnnotationsEg"/>
  <testcase name="function2" time="0.018" classname="testNG.BasicAnnotationsEg"/>
</testsuite> <!-- testNG.BasicAnnotationsEg -->
