<?xml version="1.0" encoding="UTF-8"?>
<!-- Generated by org.testng.reporters.JUnitReportReporter -->
<testsuite hostname="Mypc" name="pom.LoginTEstCase" tests="1" failures="0" timestamp="27 Jan 2018 16:27:25 GMT" time="14.245" errors="0">
  <testcase name="login" time="14.245" classname="pom.LoginTEstCase"/>
</testsuite> <!-- pom.LoginTEstCase -->
