<?xml version="1.0" encoding="UTF-8"?>
<!-- Generated by org.testng.reporters.JUnitReportReporter -->
<testsuite hostname="Mypc" name="grid.GridEg1" tests="2" failures="0" timestamp="26 Jan 2018 02:19:42 GMT" time="113.411" errors="0">
  <testcase name="Grid" time="37.535" classname="grid.GridEg1"/>
  <testcase name="Grid" time="75.876" classname="grid.GridEg1"/>
</testsuite> <!-- grid.GridEg1 -->
