<?xml version="1.0" encoding="UTF-8"?>
<!-- Generated by org.testng.reporters.JUnitReportReporter -->
<testsuite hostname="Mypc" name="testNG.EmpregTest" tests="3" failures="0" timestamp="23 Jan 2018 02:38:18 GMT" time="35.089" errors="0">
  <testcase name="org_Empreg" time="10.426" classname="testNG.EmpregTest"/>
  <testcase name="org_Empreg" time="12.921" classname="testNG.EmpregTest"/>
  <testcase name="org_Empreg" time="11.742" classname="testNG.EmpregTest"/>
</testsuite> <!-- testNG.EmpregTest -->
